



























































DATE: 12/17/2019                                        HOUSER'S BOATS INC.                                                 PAGE:  1

CUSTOMER                                    BOAT         PURCHASE           ACCESSORY                     PREP                 TOTAL
LAST NAME              STATE                COST         DATE               PACKAGE                       COST                  COST

BOAT TYPE: JOHN BOAT                                                                                                                
                                                                                                                                    
LAWBLA                  AL            123,456.99         09/11/19           SKI PACKAGE              12,345.99            135,802.98
JOHNSON                 AL            999,999.99         12/12/19           ELECTRONICS              99,999.99          1,099,999.98
WILSON                  AL            717,123.95         01/01/00           FISHING PACKAGE          87,654.11            804,778.06
MACFARLAN               GA                980.12         10/11/08           ELECTRONICS                  15.90                996.02
MERCER                  GA             12,121.21         02/14/04           FISHING PACKAGE             150.90             12,272.11
SMITH                   GA                   .01         10/31/99           ELECTRONICS                 100.00                100.01

                       SUBTOTALS FOR JOHN BOAT              NUMBER SOLD:      6                                        $2,053,949.16

BOAT TYPE: PONTOON                                                                                                                  
                                                                                                                                    
WEIGLE                  GA            777,777.77         09/20/09           SKI PACKAGE                 120.00            777,897.77
GRIFFIN                 GA                   .00         00/00/00           ELECTRONICS                    .00                   .00
CROSKREY                KS            123,456.99         12/25/99           FISHING PACKAGE          12,345.99            135,802.98
KITBOGA                 KS             98,765.99         04/01/03           SKI PACKAGE               9,876.99            108,642.98
SAMSONITE               KS             10,101.01         07/04/02           SKI PACKAGE               1,010.10             11,111.11
ALEXANDER               KS            888,888.88         01/01/00           ELECTRONICS              88,888.88            977,777.76
GORGONZOLA              VA            777,777.77         77/77/77           FISHING PACKAGE          77,777.77            855,555.54
COMMERCIALIZING         VA            666,666.66         66/66/66           SKI PACKAGE              66,666.66            733,333.32

                       SUBTOTALS FOR PONTOON                NUMBER SOLD:      8                                        $3,600,121.46

BOAT TYPE: CANOE                                                                                                                    
                                                                                                                                    
WASHINGTON              AL            111,111.11         11/11/11           ELECTRONICS              11,111.11            122,222.22
ADAMS                   AL            222,222.22         22/22/22           SKI PACKAGE              22,222.22            244,444.44
JEFFERSON               AL            333,333.33         33/33/33           FISHING PACKAGE          33,333.33            366,666.66
MADISON                 AR            444,444.44         44/44/44           FISHING PACKAGE          44,444.44            488,888.88
MONROE                  AR            555,555.55         55/55/55           SKI PACKAGE              55,555.55            611,111.10
ADAMS                   AR            666,666.66         66/66/66           ELECTRONICS              66,666.66            733,333.32
JACKSON                 AR            777,777.77         77/77/77           ELECTRONICS              77,777.77            855,555.54
BUREN                   DE            888,888.88         88/88/88           SKI PACKAGE              88,888.88            977,777.76
HARRISON                DE            999,999.99         99/99/99           FISHING PACKAGE          99,999.99          1,099,999.98
TYLER                   DE            101,010.10         10/10/10           SKI PACKAGE              10,101.01            111,111.11

                       SUBTOTALS FOR CANOE                  NUMBER SOLD:     10                                        $5,611,111.01

BOAT TYPE: BASS BOAT                                                                                                                
                                                                                                                                    
POLK                    HI            111,111.99         10/31/02           ELECTRONICS              11,111.99            122,223.98
TAYLOR                  HI            153,624.99         11/04/96           SKI PACKAGE              15,362.40            168,987.39
FILMORE                 HI                 20.00         07/04/99           FISHING PACKAGE             200.00                220.00
PIERCE                  IN                987.99         09/11/44           ELECTRONICS                   1.00                988.99
BUCHANAN                IN                678.33         08/10/55           ELECTRONICS                   2.00                680.33
LINCOLN                 KS                233.33         07/09/66           ELECTRONICS                   3.00                236.33
JOHNSON                 KS              2,232.33         06/08/77           ELECTRONICS                   4.00              2,236.33







DATE: 12/17/2019                                        HOUSER'S BOATS INC.                                                 PAGE:  2

CUSTOMER                                    BOAT         PURCHASE           ACCESSORY                     PREP                 TOTAL
LAST NAME              STATE                COST         DATE               PACKAGE                       COST                  COST

BOAT TYPE: BASS BOAT                                                                                                                
                                                                                                                                    
GRANT                   KS            666,666.66         05/07/88           ELECTRONICS                   5.00            666,671.66

                       SUBTOTALS FOR BASS BOAT              NUMBER SOLD:      8                                          $962,245.01

BOAT TYPE: CABIN CRUISER                                                                                                            
                                                                                                                                    
HAYES                   KS                  1.23         01/02/45           ELECTRONICS                 100.00                101.23
GARFIELD                KS                  2.34         02/03/45           ELECTRONICS                 200.00                202.34
ARTHUR                  KS                  3.45         03/04/45           ELECTRONICS                 300.00                303.45
CLEVELAND               KS                  4.56         04/05/45           SKI PACKAGE                 400.00                404.56
HARRISON                KS                  5.67         05/06/45           SKI PACKAGE                 500.00                505.67
CLEVELAND               MS                  6.78         06/07/45           SKI PACKAGE                 600.00                606.78
MCKINLEY                MS                  7.89         07/08/45           FISHING PACKAGE             700.00                707.89
ROOSEVELT               MS                  8.90         08/09/45           FISHING PACKAGE             800.00                808.90

                       SUBTOTALS FOR CABIN CRUISER          NUMBER SOLD:      8                                            $3,640.82

BOAT TYPE: SKI BOAT                                                                                                                 
                                                                                                                                    
TAFT                    MS            100,000.00         10/20/23           ELECTRONICS               9,900.00            109,900.00
WILSON                  MS            200,000.00         20/30/24           ELECTRONICS               8,800.00            208,800.00
HARDING                 NH            300,000.00         30/40/35           ELECTRONICS               7,700.00            307,700.00
COOLIDGE                NH            400,000.00         40/50/36           ELECTRONICS               6,600.00            406,600.00
HOOVER                  NH            500,000.00         50/60/47           ELECTRONICS               5,500.00            505,500.00
ROOSEVELT               NH            600,000.00         60/70/48           SKI PACKAGE               4,400.00            604,400.00
TRUMAN                  NH            700,000.00         70/80/78           SKI PACKAGE               3,300.00            703,300.00
EISENHOWER              NH            800,000.00         90/00/79           SKI PACKAGE               2,200.00            802,200.00
KENNEDY                 NH            900,000.00         10/20/23           SKI PACKAGE               1,100.00            901,100.00
JOHNSON                 NH            800,000.00         20/30/24           SKI PACKAGE               2,200.00            802,200.00
NIXON                   OR            700,000.00         30/40/67           FISHING PACKAGE           3,300.00            703,300.00
FORD                    OR            600,000.00         40/50/68           FISHING PACKAGE           4,400.00            604,400.00
CARTER                  OR            500,000.00         50/60/69           FISHING PACKAGE           5,500.00            505,500.00
REGAN                   OR            400,000.00         60/70/12           FISHING PACKAGE           6,600.00            406,600.00
BUSH                    SD            300,000.00         70/80/13           FISHING PACKAGE           7,700.00            307,700.00
CLINTON                 SD            200,000.00         90/00/14           ELECTRONICS               8,800.00            208,800.00
BUSH                    SD            100,000.00         10/20/34           ELECTRONICS               9,900.00            109,900.00
OBAMA                   SD            200,000.00         20/30/45           ELECTRONICS               8,800.00            208,800.00
TRUMP                   SD            300,000.00         30/40/56           ELECTRONICS               7,700.00            307,700.00

                       SUBTOTALS FOR SKI BOAT               NUMBER SOLD:     19                                        $8,714,400.00


                       GRAND TOTALS                         NUMBER SOLD:     59                                       $20,945,467.46