



























































DATE: 12/09/2019                                     HOUSER'S PAINT ESTIMATOR                                               PAGE:  1

ESTIMATE                       WALL       DOOR      TOTAL      GALLONS      PRICE/           PAINT            LABOR            TOTAL
  NUMBER    ESTIMATE DATE     SQ/FT      SQ/FT      SQ/FT       NEEDED      GALLON        ESTIMATE         ESTIMATE         ESTIMATE
                                                                                                                                    
  9999       99/99/9999       9,999       999       9,000        78.26       99.99      $ 7,825.21       $ 5,529.06      $ 13,354.27
  RIWU       12/31/2010       9,999       999       9,000        78.26       99.99      $ 7,825.21       $ 5,529.06      $ 13,354.27
  448F       11/30/2019       9,999       999       9,000        78.26       12.99      $ 1,016.59       $ 5,529.06      $  6,545.65
  4U49       10/29/2011           0         0           0          .00       12.95      $      .00       $      .00      $       .00
  4UR        09/28/1999       9,956       999       8,957        77.88       23.23      $ 1,809.15       $ 5,502.22      $  7,311.37
  ER33       08/27/2019          90         9          81          .70       87.78      $    61.44       $    49.45      $    110.89
  FE57       07/26/2007         150       150           0          .00       45.76      $      .00       $      .00      $       .00
  7H6G       06/25/2006         999       998           1          .00       30.00      $      .00       $      .00      $       .00
  FFFF       05/24/2007       2,344       234       2,110        18.34       34.99      $   641.71       $ 1,295.72      $  1,937.43
  4G5H       04/23/2008       1,111       111       1,000         8.69       11.11      $    96.54       $   613.94      $    710.48
  6HDD       03/22/2009       2,222       222       2,000        17.39       22.22      $   386.40       $ 1,228.60      $  1,615.00
  DHT6       02/21/2010         200        20         180         1.56       20.20      $    31.51       $   110.21      $    141.72
  E  E       01/20/2011       1,999        19       1,980        17.21       19.19      $   330.25       $ 1,215.88      $  1,546.13
  GF R       12/19/1998       2,727        27       2,700        23.47       27.27      $   640.02       $ 1,658.15      $  2,298.17
  RGG3       11/18/2016       3,030        30       3,000        26.08       30.30      $   790.22       $ 1,842.55      $  2,632.77
  3  3       10/17/2017       3,535        35       3,500        30.43       30.05      $   914.42       $ 2,149.87      $  3,064.29
  3GR4       09/16/2014       3,434       344       3,090        26.86       34.43      $   924.78       $ 1,897.65      $  2,822.43
  34T4       08/15/2017       2,345       234       2,111        18.35       23.23      $   426.27       $ 1,296.42      $  1,722.69
  66GG       07/14/1987       1,111       111       1,000         8.69       11.11      $    96.54       $   613.94      $    710.48
  G F        06/13/1988       2,222       222       2,000        17.39       22.22      $   386.40       $ 1,228.60      $  1,615.00
  W44F       05/12/1989         333         3         330         2.86       33.33      $    95.32       $   202.05      $    297.37
  F444       04/11/2018       2,323       323       2,000        17.39       23.32      $   405.53       $ 1,228.60      $  1,634.13
  4FFC       03/10/2017       6,767       677       6,090        52.95       45.45      $ 2,406.57       $ 3,740.91      $  6,147.48
  4 4        02/09/2012       7,654       434       7,220        62.78        2.22      $   139.37       $ 4,435.40      $  4,574.77
  4  4       01/08/1999       2,323        23       2,300        20.00       33.32      $   666.40       $ 1,413.00      $  2,079.40
  44         12/07/2012       1,112       221         891         7.74       21.12      $   163.46       $   546.83      $    710.29
    44       11/06/2010       9,876       123       9,753        84.80       12.21      $ 1,035.40       $ 5,991.12      $  7,026.52
  5G5G       10/05/2001       1,122       211         911         7.92       21.21      $   167.98       $   559.54      $    727.52
  1234       09/04/2002       8,868       668       8,200        71.30       68.86      $ 4,909.71       $ 5,037.34      $  9,947.05
   RT1       08/02/2003       5,464        45       5,419        47.12       54.44      $ 2,565.21       $ 3,329.02      $  5,894.23
   RR2       07/02/2004       7,777       777       7,000        60.86       77.77      $ 4,733.08       $ 4,299.75      $  9,032.83
  9999       99/99/9999       9,999       999       9,000        78.26       99.99      $ 7,825.21       $ 5,529.06      $ 13,354.27
  RIWU       12/31/2010       9,999       999       9,000        78.26       99.99      $ 7,825.21       $ 5,529.06      $ 13,354.27
  448F       11/30/2019       9,999       999       9,000        78.26       12.99      $ 1,016.59       $ 5,529.06      $  6,545.65
  4U49       10/29/2011           0         0           0          .00       12.95      $      .00       $      .00      $       .00
  4UR        09/28/1999       9,956       999       8,957        77.88       23.23      $ 1,809.15       $ 5,502.22      $  7,311.37
  ER33       08/27/2019          90         9          81          .70       87.78      $    61.44       $    49.45      $    110.89
  FE57       07/26/2007         150       150           0          .00       45.76      $      .00       $      .00      $       .00
  7H6G       06/25/2006         999       998           1          .00       30.00      $      .00       $      .00      $       .00
  FFFF       05/24/2007       2,344       234       2,110        18.34       34.99      $   641.71       $ 1,295.72      $  1,937.43
  4G5H       04/23/2008       1,111       111       1,000         8.69       11.11      $    96.54       $   613.94      $    710.48
  6HDD       03/22/2009       2,222       222       2,000        17.39       22.22      $   386.40       $ 1,228.60      $  1,615.00
  DHT6       02/21/2010         200        20         180         1.56       20.20      $    31.51       $   110.21      $    141.72
  E  E       01/20/2011       1,999        19       1,980        17.21       19.19      $   330.25       $ 1,215.88      $  1,546.13
  GF R       12/19/1998       2,727        27       2,700        23.47       27.27      $   640.02       $ 1,658.15      $  2,298.17
  RGG3       11/18/2016       3,030        30       3,000        26.08       30.30      $   790.22       $ 1,842.55      $  2,632.77
  3  3       10/17/2017       3,535        35       3,500        30.43       30.05      $   914.42       $ 2,149.87      $  3,064.29
  3GR4       09/16/2014       3,434       344       3,090        26.86       34.43      $   924.78       $ 1,897.65      $  2,822.43
  34T4       08/15/2017       2,345       234       2,111        18.35       23.23      $   426.27       $ 1,296.42      $  1,722.69
  66GG       07/14/1987       1,111       111       1,000         8.69       11.11      $    96.54       $   613.94      $    710.48
  G F        06/13/1988       2,222       222       2,000        17.39       22.22      $   386.40       $ 1,228.60      $  1,615.00
  W44F       05/12/1989         333         3         330         2.86       33.33      $    95.32       $   202.05      $    297.37
  F444       04/11/2018       2,323       323       2,000        17.39       23.32      $   405.53       $ 1,228.60      $  1,634.13


DATE: 12/09/2019                                     HOUSER'S PAINT ESTIMATOR                                               PAGE:  2

ESTIMATE                       WALL       DOOR      TOTAL      GALLONS      PRICE/           PAINT            LABOR            TOTAL
  NUMBER    ESTIMATE DATE     SQ/FT      SQ/FT      SQ/FT       NEEDED      GALLON        ESTIMATE         ESTIMATE         ESTIMATE
                                                                                                                                    
    44       11/06/2010       9,876       123       9,753        84.80       12.21      $ 1,035.40       $ 5,991.12      $  7,026.52
  5G5G       10/05/2001       1,122       211         911         7.92       21.21      $   167.98       $   559.54      $    727.52
  1234       09/04/2002       8,868       668       8,200        71.30       68.86      $ 4,909.71       $ 5,037.34      $  9,947.05
   RT1       08/02/2003       5,464        45       5,419        47.12       54.44      $ 2,565.21       $ 3,329.02      $  5,894.23
   RR2       07/02/2004       7,777       777       7,000        60.86       77.77      $ 4,733.08       $ 4,299.75      $  9,032.83


GRAND TOTALS:                     TOTAL ESTIMATES:  58        1,783.61                  $79,605.58      $126,011.74      $205,617.32
